11.874700
1.442400
1.533700
1.363600
2.098100
9.225200
2.218200
0.161000
9.343600
1.786800
2.396400
0.743400
1.670700
1.558400
1.176800
9.846100
2.515000
1.375100
7.387400
3.528500
2.190900
1.323900
1.478300
1.899700
1.888900
23.054000
7.684600
1.987100
1.545300
10.528700
1.809100
2.624700
1.530300
0.808500
1.706600
2.473700
9.425400
0.995200
0.123000
12.058300
1.484900
2.119400
21.104900
2.135800
0.837200
8.477100
2.358100
1.096200
3.741200
1.264500
0.732700
0.627000
9.947200
2.105200
1.111800
10.809900
1.718900
0.774300
1.170800
0.047200
1.335100
0.486500
7.739900
2.434800
0.686100
1.979400
0.619700
9.675400
1.487900
1.477600
8.822900
0.608800
0.709900
2.973900
2.027800
7.331800
1.883600
0.646900
